0 info it worked if it ends with ok
1 verbose cli [ '/usr/bin/nodejs',
1 verbose cli   '/usr/bin/npm',
1 verbose cli   'install',
1 verbose cli   'express',
1 verbose cli   '-save' ]
2 info using npm@1.3.10
3 info using node@v0.10.25
4 warn package.json nizamuddin@0.0.1 No repository field.
5 warn package.json nizamuddin@0.0.1 No README data
6 verbose readDependencies using package.json deps
7 verbose cache add [ 'express', null ]
8 verbose cache add name=undefined spec="express" args=["express",null]
9 verbose parsed url { protocol: null,
9 verbose parsed url   slashes: null,
9 verbose parsed url   auth: null,
9 verbose parsed url   host: null,
9 verbose parsed url   port: null,
9 verbose parsed url   hostname: null,
9 verbose parsed url   hash: null,
9 verbose parsed url   search: null,
9 verbose parsed url   query: null,
9 verbose parsed url   pathname: 'express',
9 verbose parsed url   path: 'express',
9 verbose parsed url   href: 'express' }
10 silly lockFile f3c62de4-express express
11 verbose lock express /home/nizamuddin/.npm/f3c62de4-express.lock
12 silly lockFile f3c62de4-express express
13 silly lockFile f3c62de4-express express
14 verbose addNamed [ 'express', '' ]
15 verbose addNamed [ null, '*' ]
16 silly lockFile 64a534c1-express express@
17 verbose lock express@ /home/nizamuddin/.npm/64a534c1-express.lock
18 silly addNameRange { name: 'express', range: '*', hasData: false }
19 verbose url raw express
20 verbose url resolving [ 'https://registry.npmjs.org/', './express' ]
21 verbose url resolved https://registry.npmjs.org/express
22 info trying registry request attempt 1 at 12:20:48
23 http GET https://registry.npmjs.org/express
24 info retry will retry, error on last attempt: Error: getaddrinfo ENOTFOUND
25 info trying registry request attempt 2 at 12:21:18
26 http GET https://registry.npmjs.org/express
27 info retry will retry, error on last attempt: Error: getaddrinfo ENOTFOUND
28 info trying registry request attempt 3 at 12:22:38
29 http GET https://registry.npmjs.org/express
30 silly lockFile 64a534c1-express express@
31 silly lockFile 64a534c1-express express@
32 error network getaddrinfo ENOTFOUND
32 error network This is most likely not a problem with npm itself
32 error network and is related to network connectivity.
32 error network In most cases you are behind a proxy or have bad network settings.
32 error network
32 error network If you are behind a proxy, please make sure that the
32 error network 'proxy' config is set properly.  See: 'npm help config'
33 error System Linux 3.13.0-32-generic
34 error command "/usr/bin/nodejs" "/usr/bin/npm" "install" "express" "-save"
35 error cwd /home/nizamuddin/dbms
36 error node -v v0.10.25
37 error npm -v 1.3.10
38 error syscall getaddrinfo
39 error code ENOTFOUND
40 error errno ENOTFOUND
41 verbose exit [ 1, true ]
